11:19:00: Creating resource group General
11:19:00: Creating resource group Internal
11:19:00: Creating resource group Autodetect
11:19:00: SceneManagerFactory for type 'DefaultSceneManager' registered.
11:19:00: Registering ResourceManager for type Material
11:19:00: Registering ResourceManager for type Mesh
11:19:00: Registering ResourceManager for type Skeleton
11:19:00: MovableObjectFactory for type 'ParticleSystem' registered.
11:19:00: OverlayElementFactory for type Panel registered.
11:19:00: OverlayElementFactory for type BorderPanel registered.
11:19:00: OverlayElementFactory for type TextArea registered.
11:19:00: Registering ResourceManager for type Font
11:19:00: ArchiveFactory for archive type FileSystem registered.
11:19:00: ArchiveFactory for archive type Zip registered.
11:19:00: FreeImage version: 3.10.0
11:19:00: This program uses FreeImage, a free, open source image library supporting all common bitmap formats. See http://freeimage.sourceforge.net for details
11:19:00: Supported formats: bmp,ico,jpg,jif,jpeg,jpe,jng,koa,iff,lbm,mng,pbm,pbm,pcd,pcx,pgm,pgm,png,ppm,ppm,ras,tga,targa,tif,tiff,wap,wbmp,wbm,psd,cut,xbm,xpm,gif,hdr,g3,sgi,exr,j2k,j2c,jp2
11:19:00: DDS codec registering
11:19:00: Registering ResourceManager for type HighLevelGpuProgram
11:19:00: Registering ResourceManager for type Compositor
11:19:00: MovableObjectFactory for type 'Entity' registered.
11:19:00: MovableObjectFactory for type 'Light' registered.
11:19:00: MovableObjectFactory for type 'BillboardSet' registered.
11:19:00: MovableObjectFactory for type 'ManualObject' registered.
11:19:00: MovableObjectFactory for type 'BillboardChain' registered.
11:19:00: MovableObjectFactory for type 'RibbonTrail' registered.
11:19:00: Loading library .\RenderSystem_Direct3D9
11:19:00: Installing plugin: D3D9 RenderSystem
11:19:00: D3D9 : Direct3D9 Rendering Subsystem created.
11:19:00: D3D9: Driver Detection Starts
11:19:00: D3D9: Driver Detection Ends
11:19:01: Plugin successfully installed
11:19:01: Loading library .\Plugin_ParticleFX
11:19:01: Installing plugin: ParticleFX
11:19:01: Particle Emitter Type 'Point' registered
11:19:01: Particle Emitter Type 'Box' registered
11:19:01: Particle Emitter Type 'Ellipsoid' registered
11:19:01: Particle Emitter Type 'Cylinder' registered
11:19:01: Particle Emitter Type 'Ring' registered
11:19:01: Particle Emitter Type 'HollowEllipsoid' registered
11:19:01: Particle Affector Type 'LinearForce' registered
11:19:01: Particle Affector Type 'ColourFader' registered
11:19:01: Particle Affector Type 'ColourFader2' registered
11:19:01: Particle Affector Type 'ColourImage' registered
11:19:01: Particle Affector Type 'ColourInterpolator' registered
11:19:01: Particle Affector Type 'Scaler' registered
11:19:01: Particle Affector Type 'Rotator' registered
11:19:01: Particle Affector Type 'DirectionRandomiser' registered
11:19:01: Particle Affector Type 'DeflectorPlane' registered
11:19:01: Plugin successfully installed
11:19:01: Loading library .\Plugin_OctreeSceneManager
11:19:01: Installing plugin: Octree & Terrain Scene Manager
11:19:01: Plugin successfully installed
11:19:01: Loading library .\Plugin_CgProgramManager
11:19:01: Installing plugin: Cg Program Manager
11:19:01: Plugin successfully installed
11:19:01: *-*-* OGRE Initialising
11:19:01: *-*-* Version 1.4.9 (Eihort)
11:19:01: D3D9 : RenderSystem Option: Allow NVPerfHUD = No
11:19:01: D3D9 : RenderSystem Option: Anti aliasing = None
11:19:01: D3D9 : RenderSystem Option: Floating-point mode = Fastest
11:19:01: D3D9 : RenderSystem Option: Full Screen = No
11:19:01: D3D9 : RenderSystem Option: VSync = No
11:19:01: D3D9 : RenderSystem Option: Video Mode = 1024 x 768 @ 32-bit colour
11:19:01: CPU Identifier & Features
11:19:01: -------------------------
11:19:01:  *   CPU ID: GenuineIntel: Intel(R) Core(TM) i7 CPU       Q 720  @ 1.60GHz
11:19:01:  *      SSE: yes
11:19:01:  *     SSE2: yes
11:19:01:  *     SSE3: yes
11:19:01:  *      MMX: yes
11:19:01:  *   MMXEXT: yes
11:19:01:  *    3DNOW: no
11:19:01:  * 3DNOWEXT: no
11:19:01:  *     CMOV: yes
11:19:01:  *      TSC: yes
11:19:01:  *      FPU: yes
11:19:01:  *      PRO: yes
11:19:01:  *       HT: no
11:19:01: -------------------------
11:19:01: D3D9 : Subsystem Initialising
11:19:01: D3D9RenderSystem::createRenderWindow "Artifex Terra 3D 1.0 RC1 - Free Community Edition", 1024x768 windowed  miscParams: FSAA=0 FSAAQuality=0 colourDepth=32 useNVPerfHUD=false vsync=false 
11:19:01: D3D9 : Created D3D9 Rendering Window 'Artifex Terra 3D 1.0 RC1 - Free Community Edition' : 1024x768, 32bpp
11:19:01: D3D9 : WARNING - disabling VSync in windowed mode can cause timing issues at lower frame rates, turn VSync on if you observe this problem.
11:19:01: Registering ResourceManager for type Texture
11:19:01: Registering ResourceManager for type GpuProgram
11:19:01: Multiple render targets with independent bit depths supported
11:19:01: D3D9: Vertex texture format supported - PF_FLOAT16_RGB
11:19:01: D3D9: Vertex texture format supported - PF_FLOAT16_RGBA
11:19:01: D3D9: Vertex texture format supported - PF_FLOAT32_RGB
11:19:01: D3D9: Vertex texture format supported - PF_FLOAT32_RGBA
11:19:01: D3D9: Vertex texture format supported - PF_FLOAT16_R
11:19:01: D3D9: Vertex texture format supported - PF_FLOAT32_R
11:19:01: D3D9: Vertex texture format supported - PF_FLOAT16_GR
11:19:01: D3D9: Vertex texture format supported - PF_FLOAT32_GR
11:19:01: RenderSystem capabilities
11:19:01: -------------------------
11:19:01:  * Hardware generation of mipmaps: yes
11:19:01:  * Texture blending: yes
11:19:01:  * Anisotropic texture filtering: yes
11:19:01:  * Dot product texture operation: yes
11:19:01:  * Cube mapping: yes
11:19:01:  * Hardware stencil buffer: yes
11:19:01:    - Stencil depth: 8
11:19:01:    - Two sided stencil support: yes
11:19:01:    - Wrap stencil values: yes
11:19:01:  * Hardware vertex / index buffers: yes
11:19:01:  * Vertex programs: yes
11:19:01:    - Max vertex program version: vs_3_0
11:19:01:  * Fragment programs: yes
11:19:01:    - Max fragment program version: ps_3_0
11:19:01:  * Texture Compression: yes
11:19:01:    - DXT: yes
11:19:01:    - VTC: no
11:19:01:  * Scissor Rectangle: yes
11:19:01:  * Hardware Occlusion Query: yes
11:19:01:  * User clip planes: yes
11:19:01:  * VET_UBYTE4 vertex element type: yes
11:19:01:  * Infinite far plane projection: yes
11:19:01:  * Hardware render-to-texture: yes
11:19:01:  * Floating point textures: yes
11:19:01:  * Non-power-of-two textures: yes
11:19:01:  * Volume textures: yes
11:19:01:  * Multiple Render Targets: 4
11:19:01:  * Point Sprites: yes
11:19:01:  * Extended point parameters: yes
11:19:01:  * Max Point Size: 8192
11:19:01:  * Vertex texture fetch: yes
11:19:01:    - Max vertex textures: 4
11:19:01:    - Vertex textures shared: no
11:19:01: ***************************************
11:19:01: *** D3D9 : Subsystem Initialised OK ***
11:19:01: ***************************************
11:19:01: ResourceBackgroundQueue - threading disabled
11:19:01: Particle Renderer Type 'billboard' registered
11:19:01: SceneManagerFactory for type 'OctreeSceneManager' registered.
11:19:01: SceneManagerFactory for type 'TerrainSceneManager' registered.
11:19:01: Creating viewport on target 'Artifex Terra 3D 1.0 RC1 - Free Community Edition', rendering from camera 'MainCam', relative dimensions L: 0.00 T: 0.00 W: 1.00 H: 1.00 ZOrder: 0
11:19:01: Creating resource group Bootstrap
11:19:01: Added resource location '../media/OgreCore.zip' of type 'Zip' to resource group 'Bootstrap'
11:19:02: Added resource location '.' of type 'FileSystem' to resource group 'General'
11:19:02: Added resource location '../media' of type 'FileSystem' to resource group 'General'
11:19:02: Added resource location '../media/water' of type 'FileSystem' to resource group 'General'
11:19:02: Added resource location '../media/skyes' of type 'FileSystem' to resource group 'General'
11:19:02: Added resource location '../media/pg_grass' of type 'FileSystem' to resource group 'General'
11:19:02: Added resource location '../media/models' of type 'FileSystem' to resource group 'General'
11:19:02: Added resource location '../media/gui' of type 'FileSystem' to resource group 'General'
11:19:02: Parsing scripts for resource group Autodetect
11:19:02: Finished parsing scripts for resource group Autodetect
11:19:02: Parsing scripts for resource group Bootstrap
11:19:02: Parsing script OgreCore.material
11:19:02: Parsing script OgreProfiler.material
11:19:02: Parsing script Ogre.fontdef
11:19:02: Parsing script OgreDebugPanel.overlay
11:19:02: Texture: New_Ogre_Border_Center.png: Loading 1 faces(PF_A8R8G8B8,256x128x1) with  hardware generated mipmaps from Image. Internal format is PF_A8R8G8B8,256x128x1.
11:19:02: Texture: New_Ogre_Border.png: Loading 1 faces(PF_A8R8G8B8,256x256x1) with  hardware generated mipmaps from Image. Internal format is PF_A8R8G8B8,256x256x1.
11:19:02: Texture: New_Ogre_Border_Break.png: Loading 1 faces(PF_A8R8G8B8,32x32x1) with  hardware generated mipmaps from Image. Internal format is PF_A8R8G8B8,32x32x1.
11:19:02: Font BlueHighwayusing texture size 512x512
11:19:02: Info: Freetype returned null for character 127 in font BlueHighway
11:19:02: Info: Freetype returned null for character 128 in font BlueHighway
11:19:02: Info: Freetype returned null for character 129 in font BlueHighway
11:19:02: Info: Freetype returned null for character 130 in font BlueHighway
11:19:02: Info: Freetype returned null for character 131 in font BlueHighway
11:19:02: Info: Freetype returned null for character 132 in font BlueHighway
11:19:02: Info: Freetype returned null for character 133 in font BlueHighway
11:19:02: Info: Freetype returned null for character 134 in font BlueHighway
11:19:02: Info: Freetype returned null for character 135 in font BlueHighway
11:19:02: Info: Freetype returned null for character 136 in font BlueHighway
11:19:02: Info: Freetype returned null for character 137 in font BlueHighway
11:19:02: Info: Freetype returned null for character 138 in font BlueHighway
11:19:02: Info: Freetype returned null for character 139 in font BlueHighway
11:19:02: Info: Freetype returned null for character 140 in font BlueHighway
11:19:02: Info: Freetype returned null for character 141 in font BlueHighway
11:19:02: Info: Freetype returned null for character 142 in font BlueHighway
11:19:02: Info: Freetype returned null for character 143 in font BlueHighway
11:19:02: Info: Freetype returned null for character 144 in font BlueHighway
11:19:02: Info: Freetype returned null for character 145 in font BlueHighway
11:19:02: Info: Freetype returned null for character 146 in font BlueHighway
11:19:02: Info: Freetype returned null for character 147 in font BlueHighway
11:19:02: Info: Freetype returned null for character 148 in font BlueHighway
11:19:02: Info: Freetype returned null for character 149 in font BlueHighway
11:19:02: Info: Freetype returned null for character 150 in font BlueHighway
11:19:02: Info: Freetype returned null for character 151 in font BlueHighway
11:19:02: Info: Freetype returned null for character 152 in font BlueHighway
11:19:02: Info: Freetype returned null for character 153 in font BlueHighway
11:19:02: Info: Freetype returned null for character 154 in font BlueHighway
11:19:02: Info: Freetype returned null for character 155 in font BlueHighway
11:19:02: Info: Freetype returned null for character 156 in font BlueHighway
11:19:02: Info: Freetype returned null for character 157 in font BlueHighway
11:19:02: Info: Freetype returned null for character 158 in font BlueHighway
11:19:02: Info: Freetype returned null for character 159 in font BlueHighway
11:19:02: Info: Freetype returned null for character 160 in font BlueHighway
11:19:02: Texture: BlueHighwayTexture: Loading 1 faces(PF_BYTE_LA,512x512x1) with 0 generated mipmaps from Image. Internal format is PF_BYTE_LA,512x512x1.
11:19:02: Texture: ogretext.png: Loading 1 faces(PF_A8R8G8B8,256x128x1) with  hardware generated mipmaps from Image. Internal format is PF_A8R8G8B8,256x128x1.
11:19:02: Parsing script OgreLoadingPanel.overlay
11:19:02: Finished parsing scripts for resource group Bootstrap
11:19:02: Parsing scripts for resource group General
11:19:02: Parsing script black2alpha.program
11:19:02: Parsing script decal.material
11:19:02: Parsing script OUaTWater.01.material
11:19:02: Parsing script OUaTWater.02.material
11:19:02: Parsing script skybox.material
11:19:03: Error in material MySky at line 46 of skybox.material: Invalid vertex_program_ref entry - vertex program Ogre/BasicVertexPrograms/AmbientOneTexture has not been defined.
11:19:03: Error in material MySky at line 51 of skybox.material: Invalid fragment_program_ref entry - fragment program Examples/MorningSkyBoxHDRfp has not been defined.
11:19:03: Parsing script mysky.material
11:19:03: Parsing script grass.material
11:19:03: Parsing script artifex3d.pointer.02.material
11:19:03: Parsing script hang.bridge.01.material
11:19:03: Parsing script highlander.house.01.material
11:19:03: Parsing script plant.02.material
11:19:03: Parsing script plant.03.material
11:19:03: Parsing script rock.05.material
11:19:03: Parsing script rock.07.material
11:19:03: Parsing script tower.01.material
11:19:03: Parsing script tree.05.material
11:19:03: Error in material tree.05.branch3/ALPHA/TEX/tree.05.png/TWOSIDE at line 75 of tree.05.material: Bad receive_shadows attribute, valid parameters are 'on' or 'off'.
11:19:03: Parsing script tree.07.material
11:19:03: Parsing script tree.09.material
11:19:03: Finished parsing scripts for resource group General
11:19:03: Parsing scripts for resource group Internal
11:19:03: Finished parsing scripts for resource group Internal
11:19:03: Texture: defaultCursorFrame0: Loading 1 faces(PF_A8R8G8B8,64x64x1) with 0 generated mipmaps from Image. Internal format is PF_A8R8G8B8,64x64x1.
11:19:03: Texture: moveFrame0: Loading 1 faces(PF_A8R8G8B8,64x64x1) with 0 generated mipmaps from Image. Internal format is PF_A8R8G8B8,64x64x1.
11:19:03: Creating resource group ETM
11:19:03: Mesh: Loading artifex3d.pointer.mesh.
11:19:03: WARNING: artifex3d.pointer.mesh is an older format ([MeshSerializer_v1.30]); you should upgrade it as soon as possible using the OgreMeshUpgrade tool.
11:19:04: Can't assign material Troll3D.Pointer.01/TEXFACE/testmap.jpg to SubEntity of Pointer because this Material does not exist. Have you forgotten to define it in a .material script?
11:19:04: Can't assign material Troll3D.Pointer.01/TEXFACE/brush.png to SubEntity of Pointer because this Material does not exist. Have you forgotten to define it in a .material script?
11:19:04: Texture: cursor2.jpg: Loading 1 faces(PF_R8G8B8,512x512x1) with  hardware generated mipmaps from Image. Internal format is PF_X8R8G8B8,512x512x1.
11:19:04: D3D9 : ***** Dimensions altered by the render system
11:19:04: D3D9 : ***** Source image dimensions : 3241232365x3241232365
11:19:04: D3D9 : ***** Texture dimensions : 8192x8192
11:19:04: WARNING: Texture instance 'IEOverlayTexture' was defined as manually loaded, but no manual loader was provided. This Resource will be lost if it has to be reloaded.
11:19:41: Added resource location 'D:/Projects/GitHub/yomibubble/Editor/Scenes' of type 'FileSystem' to resource group 'ETM'
11:19:41: Initialising resource group ETM
11:19:41: Parsing scripts for resource group ETM
11:19:41: Parsing script ETShader.program
11:19:41: Parsing script ETTerrain.material
11:19:41: Finished parsing scripts for resource group ETM
11:19:42: Texture: ArtifexTerra3D_ColourMap: Loading 1 faces(PF_R8G8B8,2048x2048x1) with  hardware generated mipmaps from Image. Internal format is PF_X8R8G8B8,2048x2048x1.
11:19:42: Texture: Splatting0: Loading 1 faces(PF_R8G8B8,1024x1024x1) with  hardware generated mipmaps from Image. Internal format is PF_X8R8G8B8,1024x1024x1.
11:19:43: Texture: Splatting1: Loading 1 faces(PF_R8G8B8,1024x1024x1) with  hardware generated mipmaps from Image. Internal format is PF_X8R8G8B8,1024x1024x1.
11:19:43: Texture: Splatting2: Loading 1 faces(PF_R8G8B8,1024x1024x1) with  hardware generated mipmaps from Image. Internal format is PF_X8R8G8B8,1024x1024x1.
11:19:43: Texture: Splatting3: Loading 1 faces(PF_R8G8B8,1024x1024x1) with  hardware generated mipmaps from Image. Internal format is PF_X8R8G8B8,1024x1024x1.
11:19:43: Texture: Splatting4: Loading 1 faces(PF_R8G8B8,1024x1024x1) with  hardware generated mipmaps from Image. Internal format is PF_X8R8G8B8,1024x1024x1.
11:19:44: Texture: Splatting5: Loading 1 faces(PF_R8G8B8,1024x1024x1) with  hardware generated mipmaps from Image. Internal format is PF_X8R8G8B8,1024x1024x1.
11:19:44: Texture: Splatting6: Loading 1 faces(PF_A8R8G8B8,1024x1024x1) with  hardware generated mipmaps from Image. Internal format is PF_A8R8G8B8,1024x1024x1.
11:19:44: Texture: Splatting7: Loading 1 faces(PF_R8G8B8,1024x1024x1) with  hardware generated mipmaps from Image. Internal format is PF_X8R8G8B8,1024x1024x1.
11:19:45: Texture: Splatting8: Loading 1 faces(PF_A8R8G8B8,1024x1024x1) with  hardware generated mipmaps from Image. Internal format is PF_A8R8G8B8,1024x1024x1.
11:19:48: Texture: MySky_fr.bmp: Loading 1 faces(PF_R8G8B8,512x512x1) with  hardware generated mipmaps from Image. Internal format is PF_X8R8G8B8,512x512x1.
11:19:48: Texture: MySky_bk.bmp: Loading 1 faces(PF_R8G8B8,512x512x1) with  hardware generated mipmaps from Image. Internal format is PF_X8R8G8B8,512x512x1.
11:19:48: Texture: MySky_lf.bmp: Loading 1 faces(PF_R8G8B8,512x512x1) with  hardware generated mipmaps from Image. Internal format is PF_X8R8G8B8,512x512x1.
11:19:48: Texture: MySky_rt.bmp: Loading 1 faces(PF_R8G8B8,512x512x1) with  hardware generated mipmaps from Image. Internal format is PF_X8R8G8B8,512x512x1.
11:19:48: Texture: MySky_up.bmp: Loading 1 faces(PF_R8G8B8,512x512x1) with  hardware generated mipmaps from Image. Internal format is PF_X8R8G8B8,512x512x1.
11:19:48: Texture: MySky_dn.bmp: Loading 1 faces(PF_R8G8B8,512x512x1) with  hardware generated mipmaps from Image. Internal format is PF_X8R8G8B8,512x512x1.
11:19:48: D3D9 : Loading 3D Texture, image name : 'NoiseVolume.dds' with 2147483647 mip map levels
11:19:48: Texture: cloudy_noon_water.jpg: Loading 6 faces(PF_R8G8B8,512x512x1) with  hardware generated mipmaps from multiple Images. Internal format is PF_X8R8G8B8,512x512x1.
11:19:51: Texture: ArtifexTerra3D_GrassTexture: Loading 1 faces(PF_R8G8B8,1024x1024x1) with  hardware generated mipmaps from Image. Internal format is PF_X8R8G8B8,1024x1024x1.
11:19:52: Texture: ETbase.png: Loading 1 faces(PF_R8G8B8,2048x2048x1) with  hardware generated mipmaps from Image. Internal format is PF_X8R8G8B8,2048x2048x1.
11:19:53: Texture: BrushTex: Loading 1 faces(PF_R8G8B8,64x64x1) with  hardware generated mipmaps from Image. Internal format is PF_X8R8G8B8,64x64x1.
11:19:53: Texture: grass2.png: Loading 1 faces(PF_A8R8G8B8,253x253x1) with 7 generated mipmaps from Image. Internal format is PF_A8R8G8B8,253x253x1.
11:19:54: Texture: splatting0_norm.png: Loading 1 faces(PF_R8G8B8,1024x1024x1) with  hardware generated mipmaps from Image. Internal format is PF_X8R8G8B8,1024x1024x1.
11:19:54: Texture: splatting1_norm.png: Loading 1 faces(PF_R8G8B8,1024x1024x1) with  hardware generated mipmaps from Image. Internal format is PF_X8R8G8B8,1024x1024x1.
11:19:54: Texture: splatting2_norm.png: Loading 1 faces(PF_R8G8B8,1024x1024x1) with  hardware generated mipmaps from Image. Internal format is PF_X8R8G8B8,1024x1024x1.
11:19:55: Texture: splatting3_norm.png: Loading 1 faces(PF_R8G8B8,1024x1024x1) with  hardware generated mipmaps from Image. Internal format is PF_X8R8G8B8,1024x1024x1.
11:19:55: Texture: splatting4_norm.png: Loading 1 faces(PF_R8G8B8,1024x1024x1) with  hardware generated mipmaps from Image. Internal format is PF_X8R8G8B8,1024x1024x1.
11:19:56: Texture: splatting5_norm.png: Loading 1 faces(PF_R8G8B8,1024x1024x1) with  hardware generated mipmaps from Image. Internal format is PF_X8R8G8B8,1024x1024x1.
11:19:56: Texture: splatting6_norm.png: Loading 1 faces(PF_A8R8G8B8,1024x1024x1) with  hardware generated mipmaps from Image. Internal format is PF_A8R8G8B8,1024x1024x1.
11:19:56: Texture: splatting7_norm.png: Loading 1 faces(PF_R8G8B8,1024x1024x1) with  hardware generated mipmaps from Image. Internal format is PF_X8R8G8B8,1024x1024x1.
11:19:57: Texture: splatting8_norm.png: Loading 1 faces(PF_A8R8G8B8,1024x1024x1) with  hardware generated mipmaps from Image. Internal format is PF_A8R8G8B8,1024x1024x1.
11:19:57: WARNING: Texture instance 'manualMaskTexture' was defined as manually loaded, but no manual loader was provided. This Resource will be lost if it has to be reloaded.
11:19:57: WARNING: Texture instance 'sidebarMaskTexture' was defined as manually loaded, but no manual loader was provided. This Resource will be lost if it has to be reloaded.
11:19:57: WARNING: Texture instance 'statusBarMaskTexture' was defined as manually loaded, but no manual loader was provided. This Resource will be lost if it has to be reloaded.
11:19:57: WARNING: Texture instance 'toolbarMaskTexture' was defined as manually loaded, but no manual loader was provided. This Resource will be lost if it has to be reloaded.
11:19:59: Initialising resource group Autodetect
11:19:59: Initialising resource group Bootstrap
11:19:59: Initialising resource group ETM
11:19:59: Initialising resource group General
11:19:59: Initialising resource group Internal
11:22:58: Mesh: Loading highlanderhouse.01.mesh.
11:22:59: Texture: highlander.house.01.jpg: Loading 1 faces(PF_R8G8B8,1024x1024x1) with  hardware generated mipmaps from Image. Internal format is PF_X8R8G8B8,1024x1024x1.
11:23:22: WARNING: Texture instance 'msgboxMaskTexture' was defined as manually loaded, but no manual loader was provided. This Resource will be lost if it has to be reloaded.
11:47:05: !!! Direct3D Device Lost!
11:47:05: Releasing D3D9 default pool texture: projectmanagerTexture
11:47:05: Released D3D9 default pool texture: projectmanagerTexture
11:47:05: Releasing D3D9 default pool texture: statusBarTexture
11:47:05: Released D3D9 default pool texture: statusBarTexture
11:47:05: Releasing D3D9 default pool texture: toolbarTexture
11:47:05: Released D3D9 default pool texture: toolbarTexture
11:47:05: Releasing D3D9 default pool texture: manualTexture
11:47:05: Released D3D9 default pool texture: manualTexture
11:47:05: Releasing D3D9 default pool texture: objectpropertiesTexture
11:47:05: Released D3D9 default pool texture: objectpropertiesTexture
11:47:05: Releasing D3D9 default pool texture: sidebarTexture
11:47:05: Released D3D9 default pool texture: sidebarTexture
11:47:05: Releasing D3D9 default pool texture: NaviMouseTexture
11:47:05: Released D3D9 default pool texture: NaviMouseTexture
11:47:05: Releasing D3D9 default pool texture: colorpickerTexture
11:47:05: Released D3D9 default pool texture: colorpickerTexture
11:47:05: Releasing D3D9 default pool texture: msgboxTexture
11:47:05: Released D3D9 default pool texture: msgboxTexture
11:47:05: Releasing D3D9 default pool texture: quickbrushTexture
11:47:05: Released D3D9 default pool texture: quickbrushTexture
11:47:05: Releasing D3D9 default pool texture: selectorTexture
11:47:05: Released D3D9 default pool texture: selectorTexture
11:47:05: D3D9TextureManager released:
11:47:05: 11 unmanaged textures
11:47:05: D3D9HardwareBufferManager released:
11:47:05: 0 unmanaged vertex buffers
11:47:05: 0 unmanaged index buffers
11:47:06: Reset device ok w:1024 h:768
11:47:06: Recreating D3D9 default pool texture: projectmanagerTexture
11:47:06: Recreated D3D9 default pool texture: projectmanagerTexture
11:47:06: Recreating D3D9 default pool texture: statusBarTexture
11:47:06: Recreated D3D9 default pool texture: statusBarTexture
11:47:06: Recreating D3D9 default pool texture: toolbarTexture
11:47:06: Recreated D3D9 default pool texture: toolbarTexture
11:47:06: Recreating D3D9 default pool texture: manualTexture
11:47:06: Recreated D3D9 default pool texture: manualTexture
11:47:06: Recreating D3D9 default pool texture: objectpropertiesTexture
11:47:06: Recreated D3D9 default pool texture: objectpropertiesTexture
11:47:06: Recreating D3D9 default pool texture: sidebarTexture
11:47:06: Recreated D3D9 default pool texture: sidebarTexture
11:47:06: Recreating D3D9 default pool texture: NaviMouseTexture
11:47:06: Recreated D3D9 default pool texture: NaviMouseTexture
11:47:06: Recreating D3D9 default pool texture: colorpickerTexture
11:47:06: Recreated D3D9 default pool texture: colorpickerTexture
11:47:06: Recreating D3D9 default pool texture: msgboxTexture
11:47:06: Recreated D3D9 default pool texture: msgboxTexture
11:47:06: Recreating D3D9 default pool texture: quickbrushTexture
11:47:06: Recreated D3D9 default pool texture: quickbrushTexture
11:47:06: Recreating D3D9 default pool texture: selectorTexture
11:47:06: Recreated D3D9 default pool texture: selectorTexture
11:47:06: D3D9TextureManager recreated:
11:47:06: 11 unmanaged textures
11:47:06: D3D9HardwareBufferManager recreated:
11:47:06: 0 unmanaged vertex buffers
11:47:06: 0 unmanaged index buffers
11:47:06: !!! Direct3D Device successfully restored.
15:20:20: !!! Direct3D Device Lost!
15:20:20: Releasing D3D9 default pool texture: projectmanagerTexture
15:20:20: Released D3D9 default pool texture: projectmanagerTexture
15:20:20: Releasing D3D9 default pool texture: statusBarTexture
15:20:21: Released D3D9 default pool texture: statusBarTexture
15:20:21: Releasing D3D9 default pool texture: toolbarTexture
15:20:21: Released D3D9 default pool texture: toolbarTexture
15:20:21: Releasing D3D9 default pool texture: manualTexture
15:20:21: Released D3D9 default pool texture: manualTexture
15:20:21: Releasing D3D9 default pool texture: objectpropertiesTexture
15:20:21: Released D3D9 default pool texture: objectpropertiesTexture
15:20:21: Releasing D3D9 default pool texture: sidebarTexture
15:20:21: Released D3D9 default pool texture: sidebarTexture
15:20:21: Releasing D3D9 default pool texture: NaviMouseTexture
15:20:21: Released D3D9 default pool texture: NaviMouseTexture
15:20:21: Releasing D3D9 default pool texture: colorpickerTexture
15:20:21: Released D3D9 default pool texture: colorpickerTexture
15:20:21: Releasing D3D9 default pool texture: msgboxTexture
15:20:21: Released D3D9 default pool texture: msgboxTexture
15:20:21: Releasing D3D9 default pool texture: quickbrushTexture
15:20:21: Released D3D9 default pool texture: quickbrushTexture
15:20:21: Releasing D3D9 default pool texture: selectorTexture
15:20:21: Released D3D9 default pool texture: selectorTexture
15:20:21: D3D9TextureManager released:
15:20:21: 11 unmanaged textures
15:20:21: D3D9HardwareBufferManager released:
15:20:21: 0 unmanaged vertex buffers
15:20:21: 0 unmanaged index buffers
15:20:21: Reset device ok w:1024 h:768
15:20:21: Recreating D3D9 default pool texture: projectmanagerTexture
15:20:21: Recreated D3D9 default pool texture: projectmanagerTexture
15:20:21: Recreating D3D9 default pool texture: statusBarTexture
15:20:21: Recreated D3D9 default pool texture: statusBarTexture
15:20:21: Recreating D3D9 default pool texture: toolbarTexture
15:20:21: Recreated D3D9 default pool texture: toolbarTexture
15:20:21: Recreating D3D9 default pool texture: manualTexture
15:20:21: Recreated D3D9 default pool texture: manualTexture
15:20:22: Recreating D3D9 default pool texture: objectpropertiesTexture
15:20:22: Recreated D3D9 default pool texture: objectpropertiesTexture
15:20:22: Recreating D3D9 default pool texture: sidebarTexture
15:20:22: Recreated D3D9 default pool texture: sidebarTexture
15:20:22: Recreating D3D9 default pool texture: NaviMouseTexture
15:20:22: Recreated D3D9 default pool texture: NaviMouseTexture
15:20:22: Recreating D3D9 default pool texture: colorpickerTexture
15:20:22: Recreated D3D9 default pool texture: colorpickerTexture
15:20:22: Recreating D3D9 default pool texture: msgboxTexture
15:20:22: Recreated D3D9 default pool texture: msgboxTexture
15:20:22: Recreating D3D9 default pool texture: quickbrushTexture
15:20:22: Recreated D3D9 default pool texture: quickbrushTexture
15:20:22: Recreating D3D9 default pool texture: selectorTexture
15:20:22: Recreated D3D9 default pool texture: selectorTexture
15:20:22: D3D9TextureManager recreated:
15:20:22: 11 unmanaged textures
15:20:22: D3D9HardwareBufferManager recreated:
15:20:22: 0 unmanaged vertex buffers
15:20:22: 0 unmanaged index buffers
15:20:22: !!! Direct3D Device successfully restored.
